<?xml version="1.0" encoding="UTF-8"?>
<!-- Generated by org.testng.reporters.JUnitReportReporter -->
<testsuite skipped="0" hostname="DESKTOP-LL8780C" name="com.qa.zoopla.tests.fifthPropertydeatilsPageTest" tests="3" failures="0" timestamp="26 May 2020 15:09:42 GMT" time="109.190" errors="0">
  <testcase name="verifyLogoTest" time="42.964" classname="com.qa.zoopla.tests.fifthPropertydeatilsPageTest"/>
  <testcase name="verifyphnNumberTest" time="28.266" classname="com.qa.zoopla.tests.fifthPropertydeatilsPageTest"/>
  <testcase name="verifyAgentNameTest" time="37.960" classname="com.qa.zoopla.tests.fifthPropertydeatilsPageTest"/>
</testsuite> <!-- com.qa.zoopla.tests.fifthPropertydeatilsPageTest -->
