<?xml version="1.0" encoding="UTF-8"?>
<!-- Generated by org.testng.reporters.JUnitReportReporter -->
<testsuite skipped="0" hostname="DESKTOP-LL8780C" name="com.qa.zoopla.tests.AgentVerifyPageTest" tests="1" failures="0" timestamp="26 May 2020 15:09:42 GMT" time="33.711" errors="0">
  <testcase name="verifyAddressTest" time="33.711" classname="com.qa.zoopla.tests.AgentVerifyPageTest"/>
</testsuite> <!-- com.qa.zoopla.tests.AgentVerifyPageTest -->
