<?xml version="1.0" encoding="UTF-8"?>
<!-- Generated by org.testng.reporters.JUnitReportReporter -->
<testsuite skipped="0" hostname="DESKTOP-LL8780C" name="com.qa.zoopla.tests.PropertyPricePageTest" tests="2" failures="0" timestamp="26 May 2020 15:09:42 GMT" time="50.595" errors="0">
  <testcase name="sortedPriceInDescOrderTest" time="23.062" classname="com.qa.zoopla.tests.PropertyPricePageTest"/>
  <testcase name="fifthvalueTest" time="27.533" classname="com.qa.zoopla.tests.PropertyPricePageTest"/>
</testsuite> <!-- com.qa.zoopla.tests.PropertyPricePageTest -->
