<?xml version="1.0" encoding="UTF-8"?>
<!-- Generated by org.testng.reporters.JUnitReportReporter -->
<testsuite skipped="0" hostname="DESKTOP-LL8780C" name="com.qa.zoopla.tests.SearchPageTest" tests="1" failures="0" timestamp="05 May 2020 15:32:24 GMT" time="16.387" errors="0">
  <testcase name="acceptCookieTest" time="16.387" classname="com.qa.zoopla.tests.SearchPageTest"/>
</testsuite> <!-- com.qa.zoopla.tests.SearchPageTest -->
