<?xml version="1.0" encoding="UTF-8"?>
<!-- Generated by org.testng.reporters.JUnitReportReporter -->
<testsuite skipped="0" hostname="DESKTOP-LL8780C" name="com.qa.zoopla.tests.CookiePageTest" tests="1" failures="0" timestamp="03 May 2020 15:15:26 GMT" time="28.796" errors="0">
  <testcase name="acceptCookieTest" time="28.796" classname="com.qa.zoopla.tests.CookiePageTest"/>
</testsuite> <!-- com.qa.zoopla.tests.CookiePageTest -->
