<?xml version="1.0" encoding="UTF-8"?>
<!-- Generated by org.testng.reporters.JUnitReportReporter -->
<testsuite skipped="0" hostname="DESKTOP-LL8780C" name="com.qa.zoopla.tests.AgentVerificarionPageTest" tests="1" failures="0" timestamp="07 May 2020 09:10:19 GMT" time="25.147" errors="0">
  <testcase name="verifyAddressTest" time="25.147" classname="com.qa.zoopla.tests.AgentVerificarionPageTest"/>
</testsuite> <!-- com.qa.zoopla.tests.AgentVerificarionPageTest -->
